{
  message: 'DB Connected on Successfully',
  level: 'info',
  label: 'AP',
  timestamp: '2023-06-20T16:06:11.067Z'
}
{
  message: 'Example app listening on port 5000',
  level: 'info',
  label: 'AP',
  timestamp: '2023-06-20T16:06:11.081Z'
}
{
  message: 'DB Connected on Successfully',
  level: 'info',
  label: 'AP',
  timestamp: '2023-06-20T16:08:48.401Z'
}
{
  message: 'Example app listening on port 5000',
  level: 'info',
  label: 'AP',
  timestamp: '2023-06-20T16:08:48.415Z'
}
{
  message: 'DB Connected on Successfully',
  level: 'info',
  label: 'AP',
  timestamp: '2023-06-20T16:09:35.796Z'
}
{
  message: 'Example app listening on port 5000',
  level: 'info',
  label: 'AP',
  timestamp: '2023-06-20T16:09:35.811Z'
}
{
  message: 'DB Connected on Successfully',
  level: 'info',
  label: 'AP',
  timestamp: '2023-06-20T16:09:43.255Z'
}
{
  message: 'Example app listening on port 5000',
  level: 'info',
  label: 'AP',
  timestamp: '2023-06-20T16:09:43.269Z'
}
{
  message: 'DB Connected on Successfully',
  level: 'info',
  label: 'AP',
  timestamp: '2023-06-20T16:10:44.376Z'
}
{
  message: 'Example app listening on port 5000',
  level: 'info',
  label: 'AP',
  timestamp: '2023-06-20T16:10:44.390Z'
}
{
  message: 'DB Connected on Successfully',
  level: 'info',
  label: 'AP',
  timestamp: '2023-06-20T16:16:19.221Z'
}
{
  message: 'Example app listening on port 5000',
  level: 'info',
  label: 'AP',
  timestamp: '2023-06-20T16:16:19.235Z'
}
{
  message: 'DB Connected on Successfully',
  level: 'info',
  label: 'AP',
  timestamp: '2023-06-20T16:18:25.268Z'
}
{
  message: 'Example app listening on port 5000',
  level: 'info',
  label: 'AP',
  timestamp: '2023-06-20T16:18:25.283Z'
}
{
  message: 'DB Connected on Successfully',
  level: 'info',
  label: 'AP',
  timestamp: '2023-06-20T16:20:06.440Z'
}
{
  message: 'Example app listening on port 5000',
  level: 'info',
  label: 'AP',
  timestamp: '2023-06-20T16:20:06.465Z'
}
{
  message: 'DB Connected on Successfully',
  level: 'info',
  label: 'AP',
  timestamp: '2023-06-20T16:22:03.139Z'
}
{
  message: 'Example app listening on port 5000',
  level: 'info',
  label: 'AP',
  timestamp: '2023-06-20T16:22:03.153Z'
}
{
  message: 'DB Connected on Successfully',
  level: 'info',
  label: 'AP',
  timestamp: '2023-06-20T16:28:39.061Z'
}
{
  message: 'Example app listening on port 5000',
  level: 'info',
  label: 'AP',
  timestamp: '2023-06-20T16:28:39.075Z'
}
{
  message: 'DB Connected on Successfully',
  level: 'info',
  label: 'AP',
  timestamp: '2023-06-20T16:29:01.395Z'
}
{
  message: 'Example app listening on port 5000',
  level: 'info',
  label: 'AP',
  timestamp: '2023-06-20T16:29:01.409Z'
}
{
  message: 'DB Connected on Successfully',
  level: 'info',
  label: 'AP',
  timestamp: '2023-06-20T16:29:13.884Z'
}
{
  message: 'Example app listening on port 5000',
  level: 'info',
  label: 'AP',
  timestamp: '2023-06-20T16:29:13.899Z'
}
{
  message: 'DB Connected on Successfully',
  level: 'info',
  label: 'AP',
  timestamp: '2023-06-20T16:29:41.565Z'
}
{
  message: 'Example app listening on port 5000',
  level: 'info',
  label: 'AP',
  timestamp: '2023-06-20T16:29:41.580Z'
}
{
  message: 'DB Connected on Successfully',
  level: 'info',
  label: 'AP',
  timestamp: '2023-06-20T16:30:06.930Z'
}
{
  message: 'Example app listening on port 5000',
  level: 'info',
  label: 'AP',
  timestamp: '2023-06-20T16:30:06.945Z'
}
{
  message: 'DB Connected on Successfully',
  level: 'info',
  label: 'AP',
  timestamp: '2023-06-20T16:30:18.803Z'
}
{
  message: 'Example app listening on port 5000',
  level: 'info',
  label: 'AP',
  timestamp: '2023-06-20T16:30:18.817Z'
}
{
  message: 'DB Connected on Successfully',
  level: 'info',
  label: 'AP',
  timestamp: '2023-06-20T16:37:09.457Z'
}
{
  message: 'Example app listening on port 5000',
  level: 'info',
  label: 'AP',
  timestamp: '2023-06-20T16:37:09.471Z'
}
{
  message: 'DB Connected on Successfully',
  level: 'info',
  label: 'AP',
  timestamp: '2023-06-20T16:37:55.984Z'
}
{
  message: 'Example app listening on port 5000',
  level: 'info',
  label: 'AP',
  timestamp: '2023-06-20T16:37:55.998Z'
}
{
  message: 'DB Connected on Successfully',
  level: 'info',
  label: 'AP',
  timestamp: '2023-06-20T16:38:23.104Z'
}
{
  message: 'Example app listening on port 5000',
  level: 'info',
  label: 'AP',
  timestamp: '2023-06-20T16:38:23.118Z'
}
{
  message: 'DB Connected on Successfully',
  level: 'info',
  label: 'AP',
  timestamp: '2023-06-20T16:38:28.725Z'
}
{
  message: 'Example app listening on port 5000',
  level: 'info',
  label: 'AP',
  timestamp: '2023-06-20T16:38:28.738Z'
}
{
  message: 'DB Connected on Successfully',
  level: 'info',
  label: 'AP',
  timestamp: '2023-06-20T16:38:43.435Z'
}
{
  message: 'Example app listening on port 5000',
  level: 'info',
  label: 'AP',
  timestamp: '2023-06-20T16:38:43.449Z'
}
{
  message: 'DB Connected on Successfully',
  level: 'info',
  label: 'AP',
  timestamp: '2023-06-20T16:39:19.246Z'
}
{
  message: 'Example app listening on port 5000',
  level: 'info',
  label: 'AP',
  timestamp: '2023-06-20T16:39:19.259Z'
}
{
  message: 'DB Connected on Successfully',
  level: 'info',
  label: 'AP',
  timestamp: '2023-06-20T16:57:42.748Z'
}
{
  message: 'Example app listening on port 5000',
  level: 'info',
  label: 'AP',
  timestamp: '2023-06-20T16:57:42.761Z'
}
{
  message: 'DB Connected on Successfully',
  level: 'info',
  label: 'AP',
  timestamp: '2023-06-20T16:58:08.274Z'
}
{
  message: 'Example app listening on port 5000',
  level: 'info',
  label: 'AP',
  timestamp: '2023-06-20T16:58:08.288Z'
}
{
  message: 'DB Connected on Successfully',
  level: 'info',
  label: 'AP',
  timestamp: '2023-06-20T16:58:17.062Z'
}
{
  message: 'Example app listening on port 5000',
  level: 'info',
  label: 'AP',
  timestamp: '2023-06-20T16:58:17.074Z'
}
{
  message: 'DB Connected on Successfully',
  level: 'info',
  label: 'AP',
  timestamp: '2023-06-20T16:58:42.401Z'
}
{
  message: 'Example app listening on port 5000',
  level: 'info',
  label: 'AP',
  timestamp: '2023-06-20T16:58:42.413Z'
}
