{
  message: 'DB Connected on Successfully',
  level: 'info',
  label: 'AP',
  timestamp: '2023-09-18T10:07:08.671Z'
}
{
  message: 'Example app listening on port 3001',
  level: 'info',
  label: 'AP',
  timestamp: '2023-09-18T10:07:08.686Z'
}
{
  message: 'DB Connected on Successfully',
  level: 'info',
  label: 'AP',
  timestamp: '2023-09-18T10:21:39.622Z'
}
{
  message: 'Example app listening on port 3001',
  level: 'info',
  label: 'AP',
  timestamp: '2023-09-18T10:21:39.635Z'
}
{
  message: 'DB Connected on Successfully',
  level: 'info',
  label: 'AP',
  timestamp: '2023-09-18T10:22:19.381Z'
}
{
  message: 'Example app listening on port 3001',
  level: 'info',
  label: 'AP',
  timestamp: '2023-09-18T10:22:19.391Z'
}
{
  message: 'DB Connected on Successfully',
  level: 'info',
  label: 'AP',
  timestamp: '2023-09-18T10:23:55.409Z'
}
{
  message: 'Example app listening on port 3001',
  level: 'info',
  label: 'AP',
  timestamp: '2023-09-18T10:23:55.423Z'
}
