{
  message: 'DB Connected on Successfully',
  level: 'info',
  label: 'AP',
  timestamp: '2023-09-16T09:12:41.616Z'
}
{
  message: 'Example app listening on port 3001',
  level: 'info',
  label: 'AP',
  timestamp: '2023-09-16T09:12:41.627Z'
}
{
  message: 'DB Connected on Successfully',
  level: 'info',
  label: 'AP',
  timestamp: '2023-09-16T09:16:44.881Z'
}
{
  message: 'Example app listening on port 3001',
  level: 'info',
  label: 'AP',
  timestamp: '2023-09-16T09:16:44.893Z'
}
{
  message: 'DB Connected on Successfully',
  level: 'info',
  label: 'AP',
  timestamp: '2023-09-16T09:17:47.243Z'
}
{
  message: 'Example app listening on port 3001',
  level: 'info',
  label: 'AP',
  timestamp: '2023-09-16T09:17:47.257Z'
}
{
  message: 'DB Connected on Successfully',
  level: 'info',
  label: 'AP',
  timestamp: '2023-09-16T09:19:18.887Z'
}
{
  message: 'Example app listening on port 3001',
  level: 'info',
  label: 'AP',
  timestamp: '2023-09-16T09:19:18.898Z'
}
