{
  message: 'DB Connected on Successfully',
  level: 'info',
  label: 'AP',
  timestamp: '2023-06-13T11:05:14.040Z'
}
{
  message: 'Example app listening on port 5000',
  level: 'info',
  label: 'AP',
  timestamp: '2023-06-13T11:05:14.053Z'
}
{
  message: 'DB Connected on Successfully',
  level: 'info',
  label: 'AP',
  timestamp: '2023-06-13T11:06:04.583Z'
}
{
  message: 'Example app listening on port 5000',
  level: 'info',
  label: 'AP',
  timestamp: '2023-06-13T11:06:04.597Z'
}
{
  message: 'DB Connected on Successfully',
  level: 'info',
  label: 'AP',
  timestamp: '2023-06-13T11:16:24.505Z'
}
{
  message: 'Example app listening on port 5000',
  level: 'info',
  label: 'AP',
  timestamp: '2023-06-13T11:16:24.518Z'
}
{
  message: 'DB Connected on Successfully',
  level: 'info',
  label: 'AP',
  timestamp: '2023-06-13T11:17:00.501Z'
}
{
  message: 'Example app listening on port 5000',
  level: 'info',
  label: 'AP',
  timestamp: '2023-06-13T11:17:00.514Z'
}
{
  message: 'DB Connected on Successfully',
  level: 'info',
  label: 'AP',
  timestamp: '2023-06-13T11:17:33.920Z'
}
{
  message: 'Example app listening on port 5000',
  level: 'info',
  label: 'AP',
  timestamp: '2023-06-13T11:17:33.933Z'
}
{
  message: 'DB Connected on Successfully',
  level: 'info',
  label: 'AP',
  timestamp: '2023-06-13T11:17:45.394Z'
}
{
  message: 'Example app listening on port 5000',
  level: 'info',
  label: 'AP',
  timestamp: '2023-06-13T11:17:45.408Z'
}
{
  message: 'DB Connected on Successfully',
  level: 'info',
  label: 'AP',
  timestamp: '2023-06-13T11:19:25.359Z'
}
{
  message: 'Example app listening on port 5000',
  level: 'info',
  label: 'AP',
  timestamp: '2023-06-13T11:19:25.372Z'
}
{
  message: 'DB Connected on Successfully',
  level: 'info',
  label: 'AP',
  timestamp: '2023-06-13T11:32:08.053Z'
}
{
  message: 'Example app listening on port 5000',
  level: 'info',
  label: 'AP',
  timestamp: '2023-06-13T11:32:08.068Z'
}
