{
  message: 'DB Connected on Successfully',
  level: 'info',
  label: 'AP',
  timestamp: '2023-06-02T15:15:42.688Z'
}
{
  message: 'Example app listening on port 5000',
  level: 'info',
  label: 'AP',
  timestamp: '2023-06-02T15:15:42.704Z'
}
{
  message: 'DB Connected on Successfully',
  level: 'info',
  label: 'AP',
  timestamp: '2023-06-02T15:16:35.880Z'
}
{
  message: 'Example app listening on port 5000',
  level: 'info',
  label: 'AP',
  timestamp: '2023-06-02T15:16:35.900Z'
}
{
  message: 'DB Connected on Successfully',
  level: 'info',
  label: 'AP',
  timestamp: '2023-06-02T15:18:20.477Z'
}
{
  message: 'Example app listening on port 5000',
  level: 'info',
  label: 'AP',
  timestamp: '2023-06-02T15:18:20.488Z'
}
{
  message: 'DB Connected on Successfully',
  level: 'info',
  label: 'AP',
  timestamp: '2023-06-02T15:27:24.623Z'
}
{
  message: 'Example app listening on port 5000',
  level: 'info',
  label: 'AP',
  timestamp: '2023-06-02T15:27:24.635Z'
}
{
  message: 'DB Connected on Successfully',
  level: 'info',
  label: 'AP',
  timestamp: '2023-06-02T15:28:01.768Z'
}
{
  message: 'Example app listening on port 5000',
  level: 'info',
  label: 'AP',
  timestamp: '2023-06-02T15:28:01.780Z'
}
{
  message: 'DB Connected on Successfully',
  level: 'info',
  label: 'AP',
  timestamp: '2023-06-02T15:52:41.792Z'
}
{
  message: 'Example app listening on port 5000',
  level: 'info',
  label: 'AP',
  timestamp: '2023-06-02T15:52:41.804Z'
}
{
  message: 'DB Connected on Successfully',
  level: 'info',
  label: 'AP',
  timestamp: '2023-06-02T15:54:41.633Z'
}
{
  message: 'Example app listening on port 5000',
  level: 'info',
  label: 'AP',
  timestamp: '2023-06-02T15:54:41.645Z'
}
{
  message: 'DB Connected on Successfully',
  level: 'info',
  label: 'AP',
  timestamp: '2023-06-02T15:55:20.815Z'
}
{
  message: 'Example app listening on port 5000',
  level: 'info',
  label: 'AP',
  timestamp: '2023-06-02T15:55:20.827Z'
}
{
  message: 'DB Connected on Successfully',
  level: 'info',
  label: 'AP',
  timestamp: '2023-06-02T15:57:11.802Z'
}
{
  message: 'Example app listening on port 5000',
  level: 'info',
  label: 'AP',
  timestamp: '2023-06-02T15:57:11.813Z'
}
{
  message: 'DB Connected on Successfully',
  level: 'info',
  label: 'AP',
  timestamp: '2023-06-02T15:58:31.952Z'
}
{
  message: 'Example app listening on port 5000',
  level: 'info',
  label: 'AP',
  timestamp: '2023-06-02T15:58:31.963Z'
}
{
  message: 'DB Connected on Successfully',
  level: 'info',
  label: 'AP',
  timestamp: '2023-06-02T15:58:42.426Z'
}
{
  message: 'Example app listening on port 5000',
  level: 'info',
  label: 'AP',
  timestamp: '2023-06-02T15:58:42.440Z'
}
{
  message: 'DB Connected on Successfully',
  level: 'info',
  label: 'AP',
  timestamp: '2023-06-02T15:59:02.620Z'
}
{
  message: 'Example app listening on port 5000',
  level: 'info',
  label: 'AP',
  timestamp: '2023-06-02T15:59:02.632Z'
}
{
  message: 'DB Connected on Successfully',
  level: 'info',
  label: 'AP',
  timestamp: '2023-06-02T15:59:26.173Z'
}
{
  message: 'Example app listening on port 5000',
  level: 'info',
  label: 'AP',
  timestamp: '2023-06-02T15:59:26.187Z'
}
