Tue Jun 13 2023 13:40 47 [AP] error: globalErrorHandler [
  {
    "code": "invalid_type",
    "expected": "object",
    "received": "undefined",
    "path": [
      "body",
      "student"
    ],
    "message": "Required"
  }
]
Tue Jun 13 2023 13:43 40 [AP] error: globalErrorHandler [
  {
    "received": "Autum",
    "code": "invalid_enum_value",
    "options": [
      "Autumn",
      "Summer",
      "Fall"
    ],
    "path": [
      "body",
      "title"
    ],
    "message": "Invalid enum value. Expected 'Autumn' | 'Summer' | 'Fall', received 'Autum'"
  },
  {
    "expected": "'January' | 'February' | 'March' | 'April' | 'May' | 'June' | 'July' | 'August' | 'September' | 'October' | 'November' | 'December'",
    "received": "undefined",
    "code": "invalid_type",
    "path": [
      "body",
      "startMonth"
    ],
    "message": "Started month is required"
  },
  {
    "expected": "'January' | 'February' | 'March' | 'April' | 'May' | 'June' | 'July' | 'August' | 'September' | 'October' | 'November' | 'December'",
    "received": "undefined",
    "code": "invalid_type",
    "path": [
      "body",
      "endMonth"
    ],
    "message": "End month is required"
  }
]
Tue Jun 13 2023 13:43 50 [AP] error: globalErrorHandler [
  {
    "expected": "'January' | 'February' | 'March' | 'April' | 'May' | 'June' | 'July' | 'August' | 'September' | 'October' | 'November' | 'December'",
    "received": "undefined",
    "code": "invalid_type",
    "path": [
      "body",
      "startMonth"
    ],
    "message": "Started month is required"
  },
  {
    "expected": "'January' | 'February' | 'March' | 'April' | 'May' | 'June' | 'July' | 'August' | 'September' | 'October' | 'November' | 'December'",
    "received": "undefined",
    "code": "invalid_type",
    "path": [
      "body",
      "endMonth"
    ],
    "message": "End month is required"
  }
]
Tue Jun 13 2023 13:44 38 [AP] error: globalErrorHandler [
  {
    "received": "Jun",
    "code": "invalid_enum_value",
    "options": [
      "January",
      "February",
      "March",
      "April",
      "May",
      "June",
      "July",
      "August",
      "September",
      "October",
      "November",
      "December"
    ],
    "path": [
      "body",
      "endMonth"
    ],
    "message": "Invalid enum value. Expected 'January' | 'February' | 'March' | 'April' | 'May' | 'June' | 'July' | 'August' | 'September' | 'October' | 'November' | 'December', received 'Jun'"
  }
]
Tue Jun 13 2023 13:44 57 [AP] error: globalErrorHandler Invalid Semester Code
Tue Jun 13 2023 13:45 15 [AP] error: globalErrorHandler Academic semester is already exist
Tue Jun 13 2023 13:45 30 [AP] error: globalErrorHandler Invalid Semester Code
Tue Jun 13 2023 13:46 58 [AP] error: globalErrorHandler [
  {
    "code": "invalid_type",
    "expected": "string",
    "received": "undefined",
    "path": [
      "body",
      "academicFaculty"
    ],
    "message": "Academic Faculty is required"
  }
]
Tue Jun 13 2023 13:48 9 [AP] error: globalErrorHandler [
  {
    "code": "invalid_type",
    "expected": "string",
    "received": "undefined",
    "path": [
      "body",
      "academicFaculty"
    ],
    "message": "Academic Faculty is required"
  }
]
