Wed Jun 14 2023 16:2 7 [AP] error: globalErrorHandler Unexpected token } in JSON at position 487
Wed Jun 14 2023 16:2 21 [AP] error: globalErrorHandler [
  {
    "code": "invalid_type",
    "expected": "object",
    "received": "undefined",
    "path": [
      "body",
      "student"
    ],
    "message": "Required"
  },
  {
    "code": "invalid_type",
    "expected": "object",
    "received": "undefined",
    "path": [
      "body",
      "admin"
    ],
    "message": "Required"
  }
]
Wed Jun 14 2023 16:3 50 [AP] error: globalErrorHandler [
  {
    "code": "invalid_type",
    "expected": "object",
    "received": "undefined",
    "path": [
      "body",
      "student"
    ],
    "message": "Required"
  }
]
Wed Jun 14 2023 16:5 48 [AP] error: globalErrorHandler Cannot populate path `managementDepartment` because it is not in your schema. Set the `strictPopulate` option to false to override.
Wed Jun 14 2023 16:9 31 [AP] error: E11000 duplicate key error collection: university-management.admins index: email_1 dup key: { email: "kader@gmail.com" }
Wed Jun 14 2023 16:9 31 [AP] error: globalErrorHandler E11000 duplicate key error collection: university-management.admins index: email_1 dup key: { email: "kader@gmail.com" }
