Mon Jun 12 2023 19:6 18 [AP] error: globalErrorHandler [
  {
    "code": "invalid_type",
    "expected": "object",
    "received": "undefined",
    "path": [
      "body",
      "student"
    ],
    "message": "Required"
  }
]
Mon Jun 12 2023 19:6 43 [AP] error: globalErrorHandler [
  {
    "code": "invalid_type",
    "expected": "object",
    "received": "undefined",
    "path": [
      "body",
      "student"
    ],
    "message": "Required"
  }
]
Mon Jun 12 2023 19:45 32 [AP] error: globalErrorHandler [
  {
    "code": "invalid_type",
    "expected": "object",
    "received": "undefined",
    "path": [
      "body",
      "student"
    ],
    "message": "Required"
  }
]
Mon Jun 12 2023 19:50 14 [AP] error: globalErrorHandler [
  {
    "code": "invalid_type",
    "expected": "object",
    "received": "undefined",
    "path": [
      "body",
      "student"
    ],
    "message": "Required"
  }
]
Mon Jun 12 2023 19:50 24 [AP] error: globalErrorHandler [
  {
    "code": "invalid_type",
    "expected": "object",
    "received": "undefined",
    "path": [
      "body",
      "student"
    ],
    "message": "Required"
  }
]
