Tue Jun 20 2023 23:28 21 [AP] error: globalErrorHandler [
  {
    "code": "invalid_type",
    "expected": "string",
    "received": "undefined",
    "path": [
      "body",
      "student",
      "academicSemester"
    ],
    "message": "Academic semester is required"
  },
  {
    "code": "invalid_type",
    "expected": "object",
    "received": "undefined",
    "path": [
      "body",
      "student",
      "guardian"
    ],
    "message": "Required"
  },
  {
    "code": "invalid_type",
    "expected": "object",
    "received": "undefined",
    "path": [
      "body",
      "student",
      "localGuardian"
    ],
    "message": "Required"
  }
]
Tue Jun 20 2023 23:29 33 [AP] error: globalErrorHandler [
  {
    "code": "invalid_type",
    "expected": "object",
    "received": "undefined",
    "path": [
      "body",
      "student",
      "guardian"
    ],
    "message": "Required"
  },
  {
    "code": "invalid_type",
    "expected": "object",
    "received": "undefined",
    "path": [
      "body",
      "student",
      "localGuardian"
    ],
    "message": "Required"
  }
]
Tue Jun 20 2023 23:32 3 [AP] error: globalErrorHandler [
  {
    "code": "invalid_type",
    "expected": "object",
    "received": "undefined",
    "path": [
      "body",
      "student"
    ],
    "message": "Required"
  }
]
Tue Jun 20 2023 23:32 18 [AP] error: globalErrorHandler [
  {
    "code": "invalid_type",
    "expected": "string",
    "received": "undefined",
    "path": [
      "body",
      "student",
      "academicFaculty"
    ],
    "message": "Academic faculty is required"
  }
]
